<?xml version="1.0" encoding="UTF-8"?>
<!-- Generated by org.testng.reporters.JUnitReportReporter -->
<testsuite hostname="GLOENWL-GNJS6C2" name="ToolsQA.AppTest" tests="1" failures="0" timestamp="5 May 2016 09:34:27 GMT" time="5.025" errors="0">
  <testcase name="testEasy" time="5.025" classname="ToolsQA.AppTest"/>
</testsuite> <!-- ToolsQA.AppTest -->
